c:\users\kenva\school\blok14\c++\machiavelli\machiavelli\machiavellilib\debug\machiavellilib.pch
c:\users\kenva\school\blok14\c++\machiavelli\machiavelli\machiavellilib\debug\machiavellilib.pdb
c:\users\kenva\school\blok14\c++\machiavelli\machiavelli\machiavellilib\debug\machiavellilib.idb
c:\users\kenva\school\blok14\c++\machiavelli\machiavelli\machiavellilib\debug\stdafx.obj
c:\users\kenva\school\blok14\c++\machiavelli\machiavelli\machiavellilib\debug\card.obj
c:\users\kenva\school\blok14\c++\machiavelli\machiavelli\machiavellilib\debug\cardfactory.obj
c:\users\kenva\school\blok14\c++\machiavelli\machiavelli\machiavellilib\debug\cardgenerator.obj
c:\users\kenva\school\blok14\c++\machiavelli\machiavelli\machiavellilib\debug\executingphase.obj
c:\users\kenva\school\blok14\c++\machiavelli\machiavelli\machiavellilib\debug\gamesession.obj
c:\users\kenva\school\blok14\c++\machiavelli\machiavelli\machiavellilib\debug\localhost.obj
c:\users\kenva\school\blok14\c++\machiavelli\machiavelli\machiavellilib\debug\notplayingphase.obj
c:\users\kenva\school\blok14\c++\machiavelli\machiavelli\machiavellilib\debug\pickingcharactersphase.obj
c:\users\kenva\school\blok14\c++\machiavelli\machiavelli\machiavellilib\debug\player.obj
c:\users\kenva\school\blok14\c++\machiavelli\machiavelli\machiavellilib\debug\serverhostconnection.obj
c:\users\kenva\school\blok14\c++\machiavelli\machiavelli\machiavellilib\debug\util.obj
c:\users\kenva\school\blok14\c++\machiavelli\machiavelli\debug\machiavellilib.lib
c:\users\kenva\school\blok14\c++\machiavelli\machiavelli\debug\machiavellilib.pdb
c:\users\kenva\school\blok14\c++\machiavelli\machiavelli\machiavellilib\debug\machiavellilib.tlog\cl.command.1.tlog
c:\users\kenva\school\blok14\c++\machiavelli\machiavelli\machiavellilib\debug\machiavellilib.tlog\cl.read.1.tlog
c:\users\kenva\school\blok14\c++\machiavelli\machiavelli\machiavellilib\debug\machiavellilib.tlog\cl.write.1.tlog
c:\users\kenva\school\blok14\c++\machiavelli\machiavelli\machiavellilib\debug\machiavellilib.tlog\lib-link.read.1.tlog
c:\users\kenva\school\blok14\c++\machiavelli\machiavelli\machiavellilib\debug\machiavellilib.tlog\lib-link.write.1.tlog
c:\users\kenva\school\blok14\c++\machiavelli\machiavelli\machiavellilib\debug\machiavellilib.tlog\lib.command.1.tlog
